testcase-writeable
[INFO][RuntimeManage] Start init ants pool
[INFO][MongoDB] Init mongodb monitor
[INFO][MongoDB] Start connect mongodb
[INFO][MongoDB] Connect success
testcase-writeable
[INFO][RuntimeManage] Start init ants pool
[INFO][MongoDB] Init mongodb monitor
[INFO][MongoDB] Start connect mongodb
[INFO][MongoDB] Connect success
testcase-writeable
[INFO][RuntimeManage] Start init ants pool
[INFO][MongoDB] Init mongodb monitor
[INFO][MongoDB] Start connect mongodb
[INFO][MongoDB] Connect success
testcase-writeable
[INFO][RuntimeManage] Start init ants pool
[INFO][MongoDB] Init mongodb monitor
[INFO][MongoDB] Start connect mongodb
[INFO][MongoDB] Connect success
testcase-writeable
[INFO][RuntimeManage] Start init ants pool
[INFO][MongoDB] Init mongodb monitor
[INFO][MongoDB] Start connect mongodb
[INFO][MongoDB] Connect success
testcase-writeable
[INFO][RuntimeManage] Start init ants pool
[INFO][MongoDB] Init mongodb monitor
[INFO][MongoDB] Start connect mongodb
[INFO][MongoDB] Connect success
testcase-writeable
[INFO][RuntimeManage] Start init ants pool
[INFO][MongoDB] Init mongodb monitor
[INFO][MongoDB] Start connect mongodb
[INFO][MongoDB] Connect success
testcase-writeable
[INFO][RuntimeManage] Start init ants pool
[INFO][MongoDB] Init mongodb monitor
[INFO][MongoDB] Start connect mongodb
[INFO][MongoDB] Connect success
testcase-writeable
[INFO][RuntimeManage] Start init ants pool
[INFO][MongoDB] Init mongodb monitor
[INFO][MongoDB] Start connect mongodb
[INFO][MongoDB] Connect success
testcase-writeable
[INFO][RuntimeManage] Start init ants pool
[INFO][MongoDB] Init mongodb monitor
[INFO][MongoDB] Start connect mongodb
[INFO][MongoDB] Connect success
testcase-writeable
[INFO][RuntimeManage] Start init ants pool
[INFO][MongoDB] Init mongodb monitor
[INFO][MongoDB] Start connect mongodb
[INFO][MongoDB] Connect success
testcase-writeable
[INFO][RuntimeManage] Start init ants pool
[INFO][MongoDB] Init mongodb monitor
[INFO][MongoDB] Start connect mongodb
[INFO][MongoDB] Connect success
testcase-writeable
[INFO][RuntimeManage] Start init ants pool
[INFO][MongoDB] Init mongodb monitor
[INFO][MongoDB] Start connect mongodb
[INFO][MongoDB] Connect success
testcase-writeable
[INFO][RuntimeManage] Start init ants pool
[INFO][MongoDB] Init mongodb monitor
[INFO][MongoDB] Start connect mongodb
[INFO][MongoDB] Connect success
testcase-writeable
[INFO][RuntimeManage] Start init ants pool
[INFO][MongoDB] Init mongodb monitor
[INFO][MongoDB] Start connect mongodb
[INFO][MongoDB] Connect success
testcase-writeable
[INFO][RuntimeManage] Start init ants pool
[INFO][MongoDB] Init mongodb monitor
[INFO][MongoDB] Start connect mongodb
[INFO][MongoDB] Connect success
testcase-writeable
[INFO][RuntimeManage] Start init ants pool
[INFO][MongoDB] Init mongodb monitor
[INFO][MongoDB] Start connect mongodb
[INFO][MongoDB] Connect success
testcase-writeable
[INFO][RuntimeManage] Start init ants pool
[INFO][MongoDB] Init mongodb monitor
[INFO][MongoDB] Start connect mongodb
[INFO][MongoDB] Connect success
testcase-writeable
[INFO][RuntimeManage] Start init ants pool
[INFO][MongoDB] Init mongodb monitor
[INFO][MongoDB] Start connect mongodb
[INFO][MongoDB] Connect success
testcase-writeable
[INFO][RuntimeManage] Start init ants pool
[INFO][MongoDB] Init mongodb monitor
[INFO][MongoDB] Start connect mongodb
[INFO][MongoDB] Connect success
testcase-writeable
[INFO][RuntimeManage] Start init ants pool
[INFO][MongoDB] Init mongodb monitor
[INFO][MongoDB] Start connect mongodb
[INFO][MongoDB] Connect success
testcase-writeable
[INFO][RuntimeManage] Start init ants pool
[INFO][MongoDB] Init mongodb monitor
[INFO][MongoDB] Start connect mongodb
[INFO][MongoDB] Connect success
testcase-writeable
[INFO][RuntimeManage] Start init ants pool
[INFO][MongoDB] Init mongodb monitor
[INFO][MongoDB] Start connect mongodb
[INFO][MongoDB] Connect success
testcase-writeable
[INFO][RuntimeManage] Start init ants pool
[INFO][MongoDB] Init mongodb monitor
[INFO][MongoDB] Start connect mongodb
[INFO][MongoDB] Connect success
testcase-writeable
[INFO][RuntimeManage] Start init ants pool
[INFO][MongoDB] Init mongodb monitor
[INFO][MongoDB] Start connect mongodb
[INFO][MongoDB] Connect success
testcase-writeable
[INFO][RuntimeManage] Start init ants pool
[INFO][MongoDB] Init mongodb monitor
[INFO][MongoDB] Start connect mongodb
[INFO][MongoDB] Connect success
testcase-writeable
[INFO][RuntimeManage] Start init ants pool
[INFO][MongoDB] Init mongodb monitor
[INFO][MongoDB] Start connect mongodb
[INFO][MongoDB] Connect success
testcase-writeable
[INFO][RuntimeManage] Start init ants pool
[INFO][MongoDB] Init mongodb monitor
[INFO][MongoDB] Start connect mongodb
[INFO][MongoDB] Connect success
testcase-writeable
[INFO][RuntimeManage] Start init ants pool
[INFO][MongoDB] Init mongodb monitor
[INFO][MongoDB] Start connect mongodb
[INFO][MongoDB] Connect success
testcase-writeable
[INFO][RuntimeManage] Start init ants pool
[INFO][MongoDB] Init mongodb monitor
[INFO][MongoDB] Start connect mongodb
[INFO][MongoDB] Connect success
testcase-writeable
[INFO][RuntimeManage] Start init ants pool
[INFO][MongoDB] Init mongodb monitor
[INFO][MongoDB] Start connect mongodb
[INFO][MongoDB] Connect success
testcase-writeable
[INFO][RuntimeManage] Start init ants pool
[INFO][MongoDB] Init mongodb monitor
[INFO][MongoDB] Start connect mongodb
[INFO][MongoDB] Connect success
testcase-writeable
[INFO][RuntimeManage] Start init ants pool
[INFO][MongoDB] Init mongodb monitor
[INFO][MongoDB] Start connect mongodb
[INFO][MongoDB] Connect success
testcase-writeable
[INFO][RuntimeManage] Start init ants pool
[INFO][MongoDB] Init mongodb monitor
[INFO][MongoDB] Start connect mongodb
[INFO][MongoDB] Connect success
